2021-12-31 00:11:01.743614: pb-IF5TUnkiUQ==|| kicked > new account
2021-12-31 00:16:08.841444: pb-IF4mUnYbAA==|| kicked > new account
2021-12-31 01:00:09.644986: pb-IF4IUnYKEg==|| kicked > new account
2021-12-31 04:31:31.230959: pb-IF4eUndeAw==|| kicked > new account
2021-12-31 05:01:26.777751: pb-IF4HUndaMQ==|| kicked > new account
2021-12-31 05:07:24.976945: pb-IF4PUnIRLw== | kicked for chat spam
2021-12-31 08:45:11.668501: pb-IF4BUnYTXA==|| kicked > new account
2021-12-31 08:58:31.281808: pb-IF4QUnY_Bw==|| kicked > new account
2021-12-31 09:06:38.510403: pb-IF4jUncJAg==|| kicked > new account
2021-12-31 09:24:27.416497: pb-IF4QUnYCJg==|| kicked > new account
2021-12-31 09:39:48.539602: pb-IF4VUnYYAg==|| kicked > new account
2021-12-31 09:40:22.669668: pb-IF5WUnkqUA==|| kicked > new account
2021-12-31 09:48:50.733452: pb-IF4hUnY-IQ==|| kicked > new account
2021-12-31 10:10:20.210456: pb-IF4cUndfDQ==|| kicked > new account
2021-12-31 10:57:44.931556: pb-IF4dUnYBVg==|| kicked > new account
2021-12-31 11:21:42.711039: pb-IF4DUncnBA==|| kicked > new account
2021-12-31 12:05:13.642103: pb-IF4VUnYeVw==|| kicked > new account
2021-12-31 12:08:29.569590: pb-IF4wUncnHQ==|| kicked > new account
2021-12-31 13:26:32.385325: pb-IF4xUnYYLg==|| kicked > new account
2021-12-31 13:49:14.528154: pb-IF4gUnYcNw==|| kicked > new account
2021-12-31 14:08:43.684118: pb-IF4sUnY8Ag==|| kicked > new account
2021-12-31 14:18:18.092315: pb-IF4tUncgDA==|| kicked > new account
2021-12-31 15:18:10.452997: pb-IF4OUnclJA==|| kicked > new account
2021-12-31 15:21:30.289431: pb-IF4PUnchPA==|| kicked > new account
2021-12-31 15:26:19.389445: pb-IF4hUnY5VQ==|| kicked > new account
2021-12-31 15:40:32.684280: pb-IF40UnddPQ==|| kicked > new account
2021-12-31 16:12:37.010920: pb-IF4MUndTXA==|| kicked > new account
2021-12-31 16:58:40.617160: pb-IF4TUncsAg==|| kicked > new account
2021-12-31 18:11:38.301864: pb-IF4VUndYDA==|| kicked > new account
2021-12-31 18:28:11.422893: pb-IF4SUndbUA==|| kicked > new account
2021-12-31 20:40:51.371110: pb-IF5XUnkAIw==|| kicked > new account
2021-12-31 20:48:47.676189: pb-IF4LUnYtIQ==|| kicked > new account
2021-12-31 21:10:31.989322: pb-IF4iUncvEg==|| kicked > new account
2021-12-31 21:10:38.591557: pb-IF4IUndeMQ==|| kicked > new account
2021-12-31 21:30:35.577379: pb-IF4vUndfLw==|| kicked > new account
2021-12-31 21:33:20.992883: pb-IF41UncnNA==|| kicked > new account
2021-12-31 21:45:51.340466: pb-IF4-UncpHQ==|| kicked > new account
2021-12-31 21:49:15.047697: pb-IF4LUnYdKQ==|| kicked > new account
2021-12-31 22:27:50.971113: pb-IF4CUnc5CA==|| kicked > new account
2021-12-31 22:34:14.604249: pb-IF4dUnYBVg== | kicked > reason:Banned account
2021-12-31 22:36:44.400649: pb-IF5UUnlbUQ==|| kicked > new account
2021-12-31 22:37:23.741099: pb-IF4CUnc5AQ==|| kicked > new account
2021-12-31 22:48:24.585358: pb-IF4VUndSKw==|| kicked > new account
2021-12-31 22:48:53.554891: pb-IF4AUnc_UA==|| kicked > new account
2021-12-31 22:48:59.578931: pb-IF4PUmU-Hw== | kicked for chat spam
2021-12-31 23:20:33.171516: pb-IF4yUncpIA==|| kicked > new account
2022-01-01 00:49:43.441664: pb-IF5VVGcbMw==|| kicked , for using spoofed id ᴳᵒˡᵈȿ҉เภtƺrx
2022-01-01 01:08:11.688137: pb-IF5TUnkyLw==|| kicked > new account
2022-01-01 08:11:13.669403: pb-IF4oUncjIg== | kicked > reason:Banned account
2022-01-01 08:16:32.838994: pb-IF4xUndSLw==|| kicked > new account
2022-01-01 08:47:08.033994: pb-IF4mUnYcKA==|| kicked > new account
2022-01-01 08:47:43.181191: pb-IF4IUncvFg==|| kicked > new account
2022-01-01 08:47:45.378142: pb-IF5TUnkOJA==|| kicked > new account
2022-01-01 09:57:52.975083: pb-IF4JUncyUQ==|| kicked > new account
2022-01-01 15:19:45.713373: pb-IF5cUnkJXQ==|| kicked > new account
2022-01-01 15:26:34.040226: pb-IF4iUncoKA==|| kicked > new account
2022-01-01 15:39:31.517154: pb-IF4CUncPHQ==|| kicked > new account
2022-01-01 15:39:33.531628: pb-IF4BUncgDw==|| kicked > new account
2022-01-01 15:57:20.593552: pb-IF4JVVAqEQ==|| kicked > new account
2022-01-01 16:19:57.474227: pb-IF5XUnkBUg==|| kicked > new account
2022-01-01 16:23:34.604451: pb-IF5UUnk_JA==|| kicked > new account
2022-01-01 16:40:39.020940: pb-IF4AUncFHQ==|| kicked > new account
2022-01-01 17:15:51.398591: pb-IF4RUnclIg==|| kicked > new account
2022-01-01 17:16:38.588497: pb-IF4dUndSKA==|| kicked > new account
2022-01-01 17:24:47.175932: pb-IF49UnciEw==|| kicked > new account
2022-01-01 17:35:56.548716: pb-IF4WUncIAg==|| kicked > new account
2022-01-01 18:03:10.619518: pb-IF4DUncGMA==|| kicked > new account
2022-01-01 19:04:43.676216: pb-IF4DUncyHw==|| kicked > new account
2022-01-01 19:07:08.777840: pb-IF40Unc5Ew==|| kicked > new account
2022-01-01 19:11:20.076098: pb-IF5UUnkqDg==|| kicked > new account
2022-01-01 19:14:43.376610: pb-IF4CUnc6FQ==|| kicked > new account
2022-01-01 19:16:49.583756: pb-IF4BUndZMg==|| kicked > new account
2022-01-01 19:29:31.002360: pb-IF4DUncHAg==|| kicked > new account
2022-01-01 19:37:12.796626: pb-IF4DUncHAg== | kicked > reason:Banned account
2022-01-01 19:39:27.668317: pb-IF4eUncBKg==|| kicked > new account
2022-01-01 19:43:31.347840: pb-IF4iUnc9Bg==|| kicked > new account
2022-01-01 19:52:28.898714: pb-IF4mUncgHw==|| kicked > new account
2022-01-01 19:54:01.093565: pb-IF4lUncCMA==|| kicked > new account
2022-01-01 21:37:01.674185: pb-IF4GUngqHw==|| kicked > new account
2022-01-01 21:38:05.387787: pb-IF4WUncBLw==|| kicked > new account
2022-01-01 21:52:47.696029: pb-IF4sUnYdPw==|| kicked > new account
2022-01-01 21:55:59.593852: pb-IF4gUnctHA==|| kicked > new account
2022-01-01 22:06:14.875007: pb-IF4NUnYDBA==|| kicked > new account
2022-01-01 22:07:49.271249: pb-IF4FUnchBA==|| kicked > new account
2022-01-01 22:10:43.672035: pb-IF5QUnovLQ==|| kicked > new account
2022-01-01 22:10:53.399793: pb-IF4lUncfDA==|| kicked > new account
2022-01-01 22:36:42.368462: pb-IF4yUncKFg==|| kicked > new account
2022-01-01 23:11:39.452504: pb-IF4KUncOMw==|| kicked > new account
2022-01-01 23:21:40.030109: pb-IF4lUncfFg==|| kicked > new account
2022-01-01 23:25:44.979336: pb-IF4jUnhfFg==|| kicked > new account
2022-01-01 23:31:06.398696: pb-IF4uUnckLA==|| kicked > new account
2022-01-01 23:33:00.553568: pb-IF4lUncfFg== | kicked > reason:Banned account
2022-01-01 23:48:48.673281: pb-IF4-Unc9Mw==|| kicked > new account
2022-01-01 23:52:37.503507: pb-IF4uUnckKg==|| kicked > new account
2022-01-02 00:02:10.091231: pb-IF4VUnc_Ug==|| kicked > new account
2022-01-02 00:09:43.166898: pb-IF49UncOLA==|| kicked > new account
2022-01-02 00:15:59.371630: pb-IF4OUncJPQ==|| kicked > new account
2022-01-02 00:18:48.475478: pb-IF4HUnckMg==|| kicked > new account
2022-01-02 01:08:15.586685: pb-IF4CUnc7Fg==|| kicked > new account
2022-01-02 01:14:11.299333: pb-IF40UncoIw==|| kicked > new account
2022-01-02 01:14:36.477327: pb-IF4KUncBKg==|| kicked > new account
2022-01-02 01:19:32.609065: pb-IF42Unc_XA==|| kicked > new account
2022-01-02 04:23:57.684673: pb-IF4CUncBIw==|| kicked > new account
2022-01-02 04:24:02.576479: pb-IF4PUncAHA==|| kicked > new account
2022-01-02 04:28:15.591104: pb-IF5VUnkdUQ==|| kicked > new account
2022-01-02 04:44:20.073550: pb-IF42Unc4Cw==|| kicked > new account
2022-01-02 04:55:33.804176: pb-IF4oUncMCw==|| kicked > new account
2022-01-02 04:57:56.301447: pb-IF5UUnkkKw==|| kicked > new account
2022-01-02 06:15:13.725778: pb-IF4KUncOMw== | kicked > reason:Banned account
2022-01-02 06:22:53.088423: pb-IF4qUncdJA==|| kicked > new account
2022-01-02 06:51:56.581814: pb-IF5TUnkPAA==|| kicked > new account
2022-01-02 07:07:33.385301: pb-IF4UUngoVA==|| kicked > new account
2022-01-02 07:33:43.200782: pb-IF4dUndSAA==|| kicked > new account
2022-01-02 07:47:41.797589: pb-IF4HUncGKw==|| kicked > new account
2022-01-02 11:53:37.988903: pb-IF4XUnhTCQ==|| kicked > new account
2022-01-02 12:10:07.770040: pb-IF5UUnkDIA==|| kicked > new account
2022-01-02 12:10:52.208054: pb-IF5TVVYjAw== | kicked for chat spam
2022-01-02 13:21:47.382577: pb-IF4KUncZAw==|| kicked > new account
2022-01-02 13:21:51.081593: pb-IF5UUnkDIA== | kicked > reason:Banned account
2022-01-02 13:23:44.075431: pb-IF49UncGCA==|| kicked > new account
2022-01-02 13:24:24.820299: pb-IF4lUncfDA== | kicked > reason:Banned account
2022-01-02 13:50:26.371152: pb-IF4MUncNBA==|| kicked > new account
2022-01-02 13:51:50.574754: pb-IF4WUnceLw==|| kicked > new account
2022-01-02 14:11:15.409264: pb-IF40UncNBA==|| kicked > new account
2022-01-02 14:22:16.485075: pb-IF4lUncYCw==|| kicked > new account
2022-01-02 14:23:43.885816: pb-IF4FUnczCQ==|| kicked > new account
2022-01-02 17:51:39.509204: pb-IF5XUnpeLg==|| kicked > new account
2022-01-02 18:30:23.080079: pb-IF4GUnhTAg==|| kicked > new account
2022-01-02 18:43:33.894722: pb-IF5cUnkBXQ==|| kicked > new account
2022-01-02 19:09:59.981026: pb-IF4VUnIjMQ==|| kicked > new account
2022-01-02 19:29:11.568244: pb-IF4NUnYdEg==|| kicked > new account
2022-01-02 19:33:17.368603: pb-IF4-UncNEA==|| kicked > new account
2022-01-02 19:36:02.346649: pb-IF4GUnhTAg== | kicked > reason:Banned account
2022-01-02 19:40:50.087521: pb-IF4hUncqEQ==|| kicked > new account
2022-01-02 19:41:49.721170: pb-IF4dVW0JJA== | kicked for chat spam
2022-01-02 19:42:22.597777: pb-IF4qUnheUg==|| kicked > new account
2022-01-02 19:48:58.802487: pb-IF5RUnolFw==|| kicked > new account
2022-01-02 19:49:00.704875: pb-IF4eUncZIA==|| kicked > new account
2022-01-02 19:51:04.294634: pb-IF43UncGKw==|| kicked > new account
2022-01-02 19:51:44.554190: pb-IF4dVW0JJA== | kicked for chat spam
2022-01-02 19:56:00.396603: pb-IF4rUncTPw==|| kicked > new account
2022-01-02 20:00:27.503826: pb-IF5SUnkdDg==|| kicked > new account
2022-01-02 20:02:55.883767: pb-IF4uUncILg==|| kicked > new account
2022-01-02 20:05:29.003904: pb-IF4mUncIKw==|| kicked > new account
2022-01-02 20:18:46.092453: pb-IF4OUnccLQ==|| kicked > new account
2022-01-02 20:38:14.116206: pb-IF5QVxIuLQ==|| kicked > new account
2022-01-02 20:40:37.871155: pb-IF4sUndTIA==|| kicked > new account
2022-01-02 20:41:01.088330: pb-IF4BUncIAA==|| kicked > new account
2022-01-02 20:41:08.879972: pb-IF4CUncRKQ==|| kicked > new account
2022-01-02 20:44:52.100470: pb-IF4BUncOIg==|| kicked > new account
2022-01-02 20:48:19.484624: pb-IF4dUnc-MA==|| kicked > new account
2022-01-02 20:49:11.785419: pb-IF5UUnkFIw==|| kicked > new account
2022-01-02 20:49:19.890580: pb-IF4CUncSUA==|| kicked > new account
2022-01-02 20:51:59.794085: pb-IF4qUnheFA==|| kicked > new account
2022-01-02 21:06:20.369539: pb-IF4oUncDJg==|| kicked > new account
2022-01-02 21:14:14.397774: pb-IF4dUnc4NQ==|| kicked > new account
2022-01-02 21:15:09.692481: pb-IF5RUnopPA==|| kicked > new account
2022-01-02 21:31:49.497831: pb-IF5QUnouKQ==|| kicked > new account
2022-01-02 21:36:18.879707: pb-IF4BUncOIg== | kicked > reason:Banned account
2022-01-02 21:41:37.478791: pb-IF4sUncoKQ==|| kicked > new account
2022-01-02 21:44:16.466658: pb-IF4MUncHCA==|| kicked > new account
2022-01-02 21:44:19.394079: pb-IF4rUncSEg==|| kicked > new account
2022-01-03 00:04:42.179750: pb-IF43UncaIw==|| kicked > new account
2022-01-03 00:43:10.802780: pb-IF4TUncSLA==|| kicked > new account
2022-01-03 00:53:25.501642: pb-IF4hUncvPA==|| kicked > new account
2022-01-03 00:55:53.396496: pb-IF4BUncMDw==|| kicked > new account
2022-01-03 00:55:54.298670: pb-IF4cUncbBg==|| kicked > new account
2022-01-03 00:58:43.387604: pb-IF5WUnkJMQ==|| kicked > new account
2022-01-03 01:52:16.300088: pb-IF4vUncfEQ==|| kicked > new account
2022-01-03 01:53:09.303822: pb-IF5RUnoqMg==|| kicked > new account
2022-01-03 01:58:30.897944: pb-IF49UncdEg==|| kicked > new account
2022-01-03 02:03:35.412714: pb-IF49UncdEg== | kicked > reason:Banned account
2022-01-03 02:28:22.494573: pb-IF5dUnkECg==|| kicked > new account
2022-01-03 02:33:48.572492: pb-IF5dUnkECg== | kicked > reason:Banned account
2022-01-03 07:26:43.082187: pb-IF5cUnpZFw==|| kicked > new account
2022-01-03 07:26:49.001481: pb-IF4-UncZXQ==|| kicked > new account
2022-01-03 07:44:14.694452: pb-IF4SUncfBg==|| kicked > new account
2022-01-03 08:12:38.190108: pb-IF4xUncMXQ==|| kicked > new account
2022-01-03 08:34:14.880850: pb-IF4zUncTLQ==|| kicked > new account
2022-01-03 08:39:12.382328: pb-IF4-UncZAg==|| kicked > new account
2022-01-03 08:40:23.266520: pb-IF4MUnZTDw== | kicked for chat spam
2022-01-03 09:02:33.084833: pb-IF5cUnkcFQ==|| kicked > new account
2022-01-03 09:03:51.504070: pb-IF4pUngsMQ==|| kicked > new account
2022-01-03 09:12:24.497228: pb-IF4JUncZLA==|| kicked > new account
2022-01-03 09:19:35.665129: pb-IF4DUncREw==|| kicked > new account
2022-01-03 09:48:22.695826: pb-IF4uUncAUA==|| kicked > new account
2022-01-03 12:23:17.073070: pb-IF4zUnceMg==|| kicked > new account
2022-01-03 13:00:29.288160: pb-IF4rUncTPw== | kicked > reason:Banned account
2022-01-03 13:34:03.712133: pb-IF4sUncgIQ==|| kicked > new account
2022-01-03 14:39:32.599691: pb-IF4iUnccXQ==|| kicked > new account
2022-01-03 15:46:07.794238: pb-IF4iUncTVQ==|| kicked > new account
2022-01-03 15:46:08.983552: pb-IF4iUncTVQ==|| kicked , for using spoofed id Device
2022-01-03 15:55:22.885738: pb-IF4tUngjCw==|| kicked > new account
2022-01-03 15:58:12.087206: pb-IF5cUnkcEA==|| kicked > new account
2022-01-03 16:33:21.970631: pb-IF5WUnkRFQ==|| kicked > new account
2022-01-03 16:33:22.986007: pb-IF48UnhcDQ==|| kicked > new account
2022-01-03 16:39:48.508418: pb-IF4FUncFIw==|| kicked > new account
2022-01-03 16:39:54.609302: pb-IF5XUno-VQ==|| kicked > new account
2022-01-03 18:59:03.093201: pb-IF5SUnoqJg==|| kicked > new account
2022-01-03 19:47:53.394005: pb-IF4sUncqCg==|| kicked > new account
2022-01-03 19:55:39.488538: pb-IF4PUnhTDQ==|| kicked > new account
2022-01-03 20:38:08.076410: pb-IF4hUncpPA==|| kicked > new account
2022-01-03 20:57:50.470665: pb-IF4zUngsVQ==|| kicked > new account
2022-01-03 21:27:25.302928: pb-IF4yUnhYDA==|| kicked > new account
2022-01-04 02:00:02.778923: pb-IF4KUngpFQ==|| kicked > new account
2022-01-04 02:20:49.353983: pb-IF4KUngpFQ== | kicked > reason:Banned account
2022-01-04 04:15:36.377595: pb-IF4wUngyAw==|| kicked > new account
2022-01-04 04:34:22.600738: pb-IF4pUngJAQ==|| kicked > new account
2022-01-04 05:54:02.508290: pb-IF4lUng7Mg==|| kicked > new account
2022-01-04 06:32:23.692566: pb-IF5VUnoDEg==|| kicked > new account
2022-01-04 07:27:12.390565: pb-IF5XUnoIPA==|| kicked > new account
2022-01-04 07:47:03.791911: pb-IF4yUncSMQ==|| kicked > new account
2022-01-04 08:03:58.378909: pb-IF4FUncdCw==|| kicked > new account
2022-01-04 08:08:49.186573: pb-IF4pUngzDA==|| kicked > new account
2022-01-04 08:15:24.017167: pb-IF4MUnZTDw== | kicked for chat spam
2022-01-04 09:01:27.575318: pb-IF5QUnoZKQ==|| kicked > new account
2022-01-04 09:12:58.905966: pb-IF40UnhYCg==|| kicked > new account
2022-01-04 09:15:06.786147: pb-IF4KUnhSDQ==|| kicked > new account
2022-01-04 09:16:14.304677: pb-IF4LUncDPA==|| kicked > new account
2022-01-04 09:38:06.099700: pb-IF4HUnhZHA==|| kicked > new account
2022-01-04 10:00:37.088631: pb-IF41UngjFA==|| kicked > new account
2022-01-04 10:03:46.697540: pb-IF4KUnhdJA==|| kicked > new account
2022-01-04 10:11:07.472870: pb-IF4KVGEhKQ== | kicked for chat spam
2022-01-04 10:35:09.403349: pb-IF4UUngOCA==|| kicked > new account
2022-01-04 10:36:00.594164: pb-IF4iUnhcUA==|| kicked > new account
2022-01-04 10:42:13.805144: pb-IF4gUncTVw==|| kicked > new account
2022-01-04 10:53:25.302976: pb-IF5RUnoCHQ==|| kicked > new account
2022-01-04 10:55:38.501799: pb-IF5SUnpeNg==|| kicked > new account
2022-01-04 11:47:50.588466: pb-IF4qUngiXQ==|| kicked > new account
2022-01-04 11:53:46.383083: pb-IF41UnhfJw==|| kicked > new account
2022-01-04 11:58:51.695666: pb-IF40UnhfNQ==|| kicked > new account
2022-01-04 12:11:14.393363: pb-IF42UnhaHw==|| kicked > new account
2022-01-04 12:30:50.387939: pb-IF5TUnpSFg==|| kicked > new account
2022-01-04 12:34:09.679229: keximuseximus||pb-IF4nVUsgIA==|| kicked by profanity check
2022-01-04 14:12:06.442917: pb-IF4gUncTVw== | kicked > reason:Banned account
2022-01-04 14:17:59.392991: pb-IF4dUncdUA==|| kicked > new account
2022-01-04 14:39:50.690748: pb-IF40UnhcAA==|| kicked > new account
2022-01-04 14:52:30.380932: pb-IF43UnhSVQ==|| kicked > new account
2022-01-04 14:55:24.392132: pb-IF4AUngsDQ==|| kicked > new account
2022-01-04 15:24:47.164936: pb-IF49UnhcIg==|| kicked > new account
2022-01-04 17:53:50.796461: pb-IF4LUncdIw==|| kicked > new account
2022-01-04 18:01:27.486627: pb-IF49UnhcIg== | kicked > reason:Banned account
2022-01-04 18:26:49.999169: pb-IF4eUng-Lg==|| kicked > new account
2022-01-04 19:36:44.153451: pb-IF4KV0sKFg== | kicked for chat spam
2022-01-04 19:40:15.688061: pb-IF4LUnccFA==|| kicked > new account
2022-01-04 20:02:07.163638: pb-IF4xUnMdBA==|| kicked , for using spoofed id 
2022-01-05 00:17:00.797714: pb-IF4DUngyIQ==|| kicked > new account
2022-01-05 00:35:37.881024: pb-IF5cUnolFg==|| kicked > new account
2022-01-05 00:36:22.411786: pb-IF5cUnolFg== | kicked > reason:Banned account
2022-01-05 00:36:58.999206: pb-IF4KUngqIA==|| kicked > new account
2022-01-05 00:49:00.092288: pb-IF5cUnolFg== | kicked > reason:Banned account
2022-01-05 01:34:03.194521: pb-IF5cUno7Dg==|| kicked > new account
2022-01-05 07:13:56.281598: pb-IF4LUnccCg==|| kicked > new account
2022-01-05 08:13:26.800710: pb-IF4LUnccXA==|| kicked > new account
2022-01-05 09:41:46.486455: pb-IF5cUnomBA==|| kicked > new account
2022-01-05 09:59:00.983470: pb-IF4OUng5KA==|| kicked > new account
2022-01-05 10:20:45.579614: pb-IF4eUngNJg==|| kicked > new account
2022-01-05 10:22:10.548411: pb-IF40UnhfNQ== | kicked > reason:Banned account
2022-01-05 10:39:57.800629: pb-IF4GUngYKg==|| kicked > new account
2022-01-05 11:15:35.110100: pb-IF4WUngyBw==|| kicked > new account
2022-01-05 11:20:13.117831: PresetCocktail46||pb-IF4HUncyEQ==|| kicked by profanity check
2022-01-05 11:21:17.806493: pb-IF5RUnoGVw==|| kicked > new account
2022-01-05 11:32:30.379503: pb-IF5RUnoGVw== | kicked > reason:Banned account
2022-01-05 11:38:47.387320: pb-IF4rUngnEw==|| kicked > new account
2022-01-05 14:31:11.489209: pb-IF4dUnhcIQ==|| kicked > new account
2022-01-05 14:46:07.264600: pb-IF4iUnhTAA==|| kicked > new account
2022-01-05 15:07:20.970079: pb-IF4iUngqHA==|| kicked > new account
2022-01-05 15:37:52.994741: pb-IF4xUnggKQ==|| kicked > new account
2022-01-05 16:16:16.888622: pb-IF4pUngfUw==|| kicked > new account
2022-01-05 16:44:42.479326: pb-IF4vUngkFQ==|| kicked > new account
2022-01-05 20:37:52.487649: pb-IF4zUngDDA==|| kicked > new account
2022-01-05 20:51:58.406368: pb-IF4JUngJCQ==|| kicked > new account
2022-01-05 20:56:08.099942: pb-IF4HUngKNg==|| kicked > new account
2022-01-05 21:00:55.265355: pb-IF4xUnglJA==|| kicked > new account
2022-01-05 21:07:55.922921: pb-IF42UngsMA== | kicked > reason:Banned account
2022-01-05 22:02:49.886585: pb-IF5WUnoxUQ==|| kicked > new account
2022-01-06 06:40:08.699227: pb-IF4AUngNMQ==|| kicked > new account
2022-01-06 08:12:23.310750: pb-IF4VUng_UA==|| kicked > new account
2022-01-06 08:59:45.272625: pb-IF4JUngDHQ==|| kicked > new account
2022-01-06 09:31:39.904441: pb-IF4UUnldFA==|| kicked > new account
2022-01-06 10:02:25.725808: pb-IF4lUngFDQ==|| kicked > new account
2022-01-06 10:02:28.401037: pb-IF4yUngzIA==|| kicked > new account
2022-01-06 10:34:28.367540: pb-IF5QUkFTUQ==|| kicked > new account
2022-01-06 10:43:59.397779: pb-IF4FUngkMQ==|| kicked > new account
2022-01-06 10:50:49.605557: pb-IF4mUnglCw==|| kicked > new account
2022-01-06 11:55:39.282807: pb-IF4zUngbNQ==|| kicked > new account
2022-01-06 14:13:44.397961: pb-IF4GUnkvBg==|| kicked > new account
2022-01-06 16:18:10.501950: pb-IF4-Nlkj|| kicked , for using spoofed id TheLastToad
2022-01-06 17:04:31.686767: pb-IF4lUngcHw==|| kicked > new account
2022-01-06 18:32:37.308760: pb-IF4XUnlfMQ==|| kicked > new account
2022-01-06 18:47:17.480961: pb-IF4nUngRIg==|| kicked > new account
2022-01-06 20:24:25.805325: pb-IF4cUngMBg==|| kicked > new account
2022-01-06 21:03:52.866056: pb-IF42UngyEQ==|| kicked > new account
2022-01-06 21:52:39.795632: pb-IF40UngICw==|| kicked > new account
2022-01-07 07:21:10.285325: pb-IF4GUnk7Uw==|| kicked > new account
2022-01-07 09:57:00.191554: pb-IF4NUnccKQ==|| kicked > new account
2022-01-07 10:24:41.667843: pb-IF4RUnlaIQ==|| kicked > new account
2022-01-07 10:43:46.490174: pb-IF5dUnoIHA==|| kicked > new account
2022-01-07 10:46:58.180664: pb-IF4IUngNVg==|| kicked > new account
2022-01-07 10:46:59.171264: pb-IF4lUnlcHQ==|| kicked > new account
2022-01-07 14:50:44.493883: pb-IF4pUnklKA==|| kicked > new account
2022-01-07 15:09:39.411946: pb-IF40UngICw== | kicked > reason:Banned account
2022-01-07 16:14:01.404559: pb-IF5TUkFeFQ==|| kicked > new account
2022-01-07 16:27:17.697362: pb-IF4jUnk7Aw==|| kicked > new account
2022-01-07 16:44:52.404487: pb-IF4VUngCAQ==|| kicked > new account
2022-01-07 16:49:26.081701: pb-IF4pUnkkEA==|| kicked > new account
2022-01-07 19:04:18.392135: pb-IF4WUnldEQ==|| kicked > new account
2022-01-07 19:04:56.767499: pb-IF4mUng6Mg==|| kicked > new account
2022-01-07 19:31:26.175988: pb-IF4oUnleDQ==|| kicked > new account
2022-01-07 19:36:54.907816: pb-IF4eUnkoDw==|| kicked > new account
2022-01-07 19:42:26.806965: pb-IF4OUnlSAQ==|| kicked > new account
2022-01-07 19:42:37.314003: pb-IF4PUnlbFw== | kicked > reason:Banned account
2022-01-07 20:04:25.308058: pb-IF43UngeIg==|| kicked > new account
2022-01-07 20:05:48.599720: pb-IF4vUngcCQ==|| kicked > new account
2022-01-07 20:29:34.275748: pb-IF4XUnkmDg==|| kicked > new account
2022-01-07 20:29:34.967568: pb-IF4XUnkmDg==|| kicked , for using spoofed id 
2022-01-07 22:36:01.503892: pb-IF4WUngcJg==|| kicked > new account
2022-01-07 22:42:03.708553: pb-IF4OUnkpMA==|| kicked > new account
2022-01-08 09:42:41.865056: pb-IF4GVVcDUA== | kicked for chat spam
2022-01-08 10:12:03.390275: pb-IF5RUkEONw==|| kicked > new account
2022-01-08 10:15:38.082663: pb-IF5UUnoYFQ==|| kicked > new account
2022-01-08 10:15:40.983033: pb-IF4RUnktXA==|| kicked > new account
2022-01-08 10:19:14.610261: pb-IF4WUnkuHA==|| kicked > new account
2022-01-08 10:19:56.799477: pb-IF4gUnlaAw==|| kicked > new account
2022-01-08 10:22:27.001116: pb-IF4RUnktXQ==|| kicked > new account
2022-01-08 10:23:58.758886: pb-IF4nV0UqNQ== | kicked for chat spam
2022-01-08 10:24:08.179264: pb-IF5dUnoTBg==|| kicked > new account
2022-01-08 10:26:24.796939: pb-IF43UnlbEA==|| kicked > new account
2022-01-08 10:34:31.088356: pb-IF4JUnkoIQ==|| kicked > new account
2022-01-08 10:46:55.000978: pb-IF4LUngHIg==|| kicked > new account
2022-01-08 10:57:54.405331: pb-IF40UngcJw==|| kicked > new account
2022-01-08 11:08:01.088774: pb-IF4mUngZMw==|| kicked > new account
2022-01-08 11:17:16.990654: pb-IF4SUnlcIQ==|| kicked > new account
2022-01-08 11:24:04.499526: pb-IF4GUnk9Fw==|| kicked > new account
2022-01-08 11:32:59.885069: pb-IF4PUngcLw==|| kicked > new account
2022-01-08 11:38:40.079974: pb-IF4PUngcLw== | kicked > reason:Banned account
2022-01-08 12:21:53.379400: pb-IF4xUngTFw==|| kicked > new account
2022-01-08 12:27:58.542244: pb-IF4PUnlbFw== | kicked > reason:Banned account
2022-01-08 12:50:31.971162: pb-IF4PUnlbFw== | kicked > reason:Banned account
2022-01-08 12:51:15.792674: pb-IF4nUnkoHQ==|| kicked > new account
2022-01-08 12:52:00.883953: pb-IF4uUngZJA==|| kicked > new account
2022-01-08 13:03:53.285040: pb-IF4AUnk7Aw==|| kicked > new account
2022-01-08 13:11:28.290939: pb-IF4jUnk_CA==|| kicked > new account
2022-01-08 13:25:24.165451: pb-IF4DUnkuPA==|| kicked > new account
2022-01-08 13:40:44.996864: pb-IF5TUkEtHw==|| kicked > new account
2022-01-08 13:42:18.963110: pb-IF4vUngfPQ==|| kicked > new account
2022-01-08 14:09:21.374506: pb-IF5dUkFSCA==|| kicked > new account
2022-01-08 14:18:11.698900: pb-IF4PUnkoFQ==|| kicked > new account
2022-01-08 14:18:12.996885: pb-IF4IUngcDQ==|| kicked > new account
2022-01-08 14:54:28.604956: pb-IF4AUnk5VQ==|| kicked > new account
2022-01-08 14:56:14.362361: pb-IF5TUkEtHw== | kicked > reason:Banned account
2022-01-08 14:57:12.088521: pb-IF5QUkEEJA==|| kicked > new account
2022-01-08 15:01:49.909696: pb-IF4OUnkvKw==|| kicked > new account
2022-01-08 16:16:28.681466: pb-IF4SUnkpUg==|| kicked > new account
2022-01-08 18:57:15.868284: pb-IF4tUnk9UA==|| kicked > new account
2022-01-08 19:04:34.168726: pb-IF4eUnk5Mg==|| kicked > new account
2022-01-08 19:34:19.578862: pb-IF4tUnkyMQ==|| kicked > new account
2022-01-08 20:07:09.217650: PresetCocktail46||pb-IF4HUncyEQ==|| kicked by profanity check
2022-01-08 20:22:23.066622: pb-IF4FUngFDA==|| kicked > new account
2022-01-08 20:42:50.483338: pb-IF4pUnkyDw==|| kicked > new account
2022-01-08 21:03:55.472791: pb-IF5QUkEYEA==|| kicked > new account
2022-01-08 22:29:28.482451: pb-IF4lUnk4HQ==|| kicked > new account
2022-01-08 22:42:29.710616: pb-IF4oUnkmEw==|| kicked > new account
2022-01-08 22:48:36.992598: pb-IF5SUkEiCw==|| kicked > new account
2022-01-08 23:24:27.801368: pb-IF4SUnksJA==|| kicked > new account
2022-01-08 23:48:18.587322: pb-IF4CUnkmVw==|| kicked > new account
2022-01-09 02:28:34.564190: pb-IF4tUnkyCQ==|| kicked > new account
2022-01-09 02:37:45.304570: pb-IF4AUnkjIg==|| kicked > new account
2022-01-09 03:04:13.882413: pb-IF5UUkFYDw==|| kicked > new account
2022-01-09 03:11:03.914211: pb-IF4NUngmBA==|| kicked > new account
2022-01-09 03:27:07.693004: pb-IF5TUkElJA==|| kicked > new account
2022-01-09 04:58:40.021644: pb-IF5TUkElJA== | kicked > reason:Banned account
2022-01-09 09:26:25.472272: pb-IF4JUnkoIQ== | kicked > reason:Banned account
2022-01-09 09:41:57.008511: pb-IF5RUkEeXQ==|| kicked > new account
2022-01-09 10:00:09.100904: pb-IF4zUndcCw== | kicked for chat spam
2022-01-09 10:22:03.189651: pb-IF5XUkEKVw==|| kicked > new account
2022-01-09 11:25:06.400977: pb-IF4wUnkJPQ==|| kicked > new account
2022-01-09 11:46:52.579857: pb-IF4UUnkaBw==|| kicked > new account
2022-01-09 14:17:43.383618: pb-IF4tUnkAMA==|| kicked > new account
2022-01-09 14:47:19.374474: pb-IF4NUng5Ag==|| kicked > new account
2022-01-09 16:19:20.708766: pb-IF4MUnkjAA==|| kicked > new account
2022-01-09 17:44:29.493137: pb-IF4mUnkpMg==|| kicked > new account
2022-01-09 17:44:31.466876: pb-IF4AUnkCBg==|| kicked > new account
2022-01-09 18:10:17.117133: pb-IF4wD1YS | kicked for chat spam
